# JRE version: OpenJDK Runtime Environment (11.0.4+11) (build 11.0.4+11-post-Ubuntu-1ubuntu218.04.3)
# Java VM: OpenJDK 64-Bit Server VM (11.0.4+11-post-Ubuntu-1ubuntu218.04.3, mixed mode, sharing, tiered, compressed oops, g1 gc, linux-amd64)
Heap:
 garbage-first heap   total 1138688K, used 7945K [0x0000000085200000, 0x0000000100000000)
  region size 1024K, 3 young (3072K), 3 survivors (3072K)
 Metaspace       used 12289K, capacity 12803K, committed 12928K, reserved 1060864K
  class space    used 1394K, capacity 1660K, committed 1664K, reserved 1048576K
GC Heap History (10 events):
Event: 3,070 GC heap after
{Heap after GC invocations=19 (full 0):
 garbage-first heap   total 415744K, used 7988K [0x0000000085200000, 0x0000000100000000)
  region size 1024K, 3 young (3072K), 3 survivors (3072K)
 Metaspace       used 12131K, capacity 12674K, committed 12928K, reserved 1060864K
  class space    used 1393K, capacity 1660K, committed 1664K, reserved 1048576K
}
Event: 3,164 GC heap before
{Heap before GC invocations=19 (full 0):
 garbage-first heap   total 415744K, used 253748K [0x0000000085200000, 0x0000000100000000)
  region size 1024K, 243 young (248832K), 3 survivors (3072K)
 Metaspace       used 12224K, capacity 12738K, committed 12928K, reserved 1060864K
  class space    used 1393K, capacity 1660K, committed 1664K, reserved 1048576K
}
Event: 3,170 GC heap after
{Heap after GC invocations=20 (full 0):
 garbage-first heap   total 555008K, used 7850K [0x0000000085200000, 0x0000000100000000)
  region size 1024K, 2 young (2048K), 2 survivors (2048K)
 Metaspace       used 12224K, capacity 12738K, committed 12928K, reserved 1060864K
  class space    used 1393K, capacity 1660K, committed 1664K, reserved 1048576K
}
Event: 3,467 GC heap before
{Heap before GC invocations=20 (full 0):
 garbage-first heap   total 555008K, used 338602K [0x0000000085200000, 0x0000000100000000)
  region size 1024K, 325 young (332800K), 2 survivors (2048K)
 Metaspace       used 12283K, capacity 12803K, committed 12928K, reserved 1060864K
  class space    used 1393K, capacity 1660K, committed 1664K, reserved 1048576K
}
Event: 3,486 GC heap after
{Heap after GC invocations=21 (full 0):
 garbage-first heap   total 555008K, used 8110K [0x0000000085200000, 0x0000000100000000)
  region size 1024K, 3 young (3072K), 3 survivors (3072K)
 Metaspace       used 12283K, capacity 12803K, committed 12928K, reserved 1060864K
  class space    used 1393K, capacity 1660K, committed 1664K, reserved 1048576K
}
Event: 19,358 GC heap before
{Heap before GC invocations=21 (full 0):
 garbage-first heap   total 555008K, used 337838K [0x0000000085200000, 0x0000000100000000)
  region size 1024K, 325 young (332800K), 3 survivors (3072K)
 Metaspace       used 12289K, capacity 12803K, committed 12928K, reserved 1060864K
  class space    used 1394K, capacity 1660K, committed 1664K, reserved 1048576K
}
Event: 38,829 GC heap after
{Heap after GC invocations=22 (full 0):
 garbage-first heap   total 555008K, used 8031K [0x0000000085200000, 0x0000000100000000)
  region size 1024K, 3 young (3072K), 3 survivors (3072K)
 Metaspace       used 12289K, capacity 12803K, committed 12928K, reserved 1060864K
  class space    used 1394K, capacity 1660K, committed 1664K, reserved 1048576K
}
Event: 48,154 GC heap before
{Heap before GC invocations=22 (full 0):
 garbage-first heap   total 555008K, used 32607K [0x0000000085200000, 0x0000000100000000)
  region size 1024K, 27 young (27648K), 3 survivors (3072K)
 Metaspace       used 12289K, capacity 12803K, committed 12928K, reserved 1060864K
  class space    used 1394K, capacity 1660K, committed 1664K, reserved 1048576K
}
Event: 64,364 GC heap after
{Heap after GC invocations=23 (full 0):
 garbage-first heap   total 555008K, used 8037K [0x0000000085200000, 0x0000000100000000)
  region size 1024K, 3 young (3072K), 3 survivors (3072K)
 Metaspace       used 12289K, capacity 12803K, committed 12928K, reserved 1060864K
  class space    used 1394K, capacity 1660K, committed 1664K, reserved 1048576K
}
Event: 69,525 GC heap before
{Heap before GC invocations=23 (full 0):
 garbage-first heap   total 555008K, used 32613K [0x0000000085200000, 0x0000000100000000)
  region size 1024K, 27 young (27648K), 3 survivors (3072K)
 Metaspace       used 12289K, capacity 12803K, committed 12928K, reserved 1060864K
  class space    used 1394K, capacity 1660K, committed 1664K, reserved 1048576K
}

